Determining if the pthread_create exist failed with the following output:
Change Dir: /mnt/c/Users/Svetlana/CLionProjects/cats_2/4A/cmake-build-debug/CMakeFiles/CMakeTmp

Run Build Command:"/usr/bin/make" "cmTC_ddd9f/fast"
/usr/bin/make -f CMakeFiles/cmTC_ddd9f.dir/build.make CMakeFiles/cmTC_ddd9f.dir/build
make[1]: Entering directory '/mnt/c/Users/Svetlana/CLionProjects/cats_2/4A/cmake-build-debug/CMakeFiles/CMakeTmp'
Building C object CMakeFiles/cmTC_ddd9f.dir/CheckSymbolExists.c.o
/usr/bin/gcc    -o CMakeFiles/cmTC_ddd9f.dir/CheckSymbolExists.c.o   -c /mnt/c/Users/Svetlana/CLionProjects/cats_2/4A/cmake-build-debug/CMakeFiles/CMakeTmp/CheckSymbolExists.c
Linking C executable cmTC_ddd9f
/usr/bin/cmake -E cmake_link_script CMakeFiles/cmTC_ddd9f.dir/link.txt --verbose=1
/usr/bin/gcc      CMakeFiles/cmTC_ddd9f.dir/CheckSymbolExists.c.o  -o cmTC_ddd9f 
CMakeFiles/cmTC_ddd9f.dir/CheckSymbolExists.c.o: In function `main':
CheckSymbolExists.c:(.text+0x1b): undefined reference to `pthread_create'
collect2: error: ld returned 1 exit status
CMakeFiles/cmTC_ddd9f.dir/build.make:97: recipe for target 'cmTC_ddd9f' failed
make[1]: *** [cmTC_ddd9f] Error 1
make[1]: Leaving directory '/mnt/c/Users/Svetlana/CLionProjects/cats_2/4A/cmake-build-debug/CMakeFiles/CMakeTmp'
Makefile:126: recipe for target 'cmTC_ddd9f/fast' failed
make: *** [cmTC_ddd9f/fast] Error 2

File /mnt/c/Users/Svetlana/CLionProjects/cats_2/4A/cmake-build-debug/CMakeFiles/CMakeTmp/CheckSymbolExists.c:
/* */
#include <pthread.h>

int main(int argc, char** argv)
{
  (void)argv;
#ifndef pthread_create
  return ((int*)(&pthread_create))[argc];
#else
  (void)argc;
  return 0;
#endif
}

Determining if the function pthread_create exists in the pthreads failed with the following output:
Change Dir: /mnt/c/Users/Svetlana/CLionProjects/cats_2/4A/cmake-build-debug/CMakeFiles/CMakeTmp

Run Build Command:"/usr/bin/make" "cmTC_44c28/fast"
/usr/bin/make -f CMakeFiles/cmTC_44c28.dir/build.make CMakeFiles/cmTC_44c28.dir/build
make[1]: Entering directory '/mnt/c/Users/Svetlana/CLionProjects/cats_2/4A/cmake-build-debug/CMakeFiles/CMakeTmp'
Building C object CMakeFiles/cmTC_44c28.dir/CheckFunctionExists.c.o
/usr/bin/gcc   -DCHECK_FUNCTION_EXISTS=pthread_create   -o CMakeFiles/cmTC_44c28.dir/CheckFunctionExists.c.o   -c /usr/share/cmake-3.10/Modules/CheckFunctionExists.c
Linking C executable cmTC_44c28
/usr/bin/cmake -E cmake_link_script CMakeFiles/cmTC_44c28.dir/link.txt --verbose=1
/usr/bin/gcc  -DCHECK_FUNCTION_EXISTS=pthread_create    CMakeFiles/cmTC_44c28.dir/CheckFunctionExists.c.o  -o cmTC_44c28 -lpthreads 
/usr/bin/ld: cannot find -lpthreads
collect2: error: ld returned 1 exit status
CMakeFiles/cmTC_44c28.dir/build.make:97: recipe for target 'cmTC_44c28' failed
make[1]: *** [cmTC_44c28] Error 1
make[1]: Leaving directory '/mnt/c/Users/Svetlana/CLionProjects/cats_2/4A/cmake-build-debug/CMakeFiles/CMakeTmp'
Makefile:126: recipe for target 'cmTC_44c28/fast' failed
make: *** [cmTC_44c28/fast] Error 2


