Determining if the pthread_create exist failed with the following output:
Change Dir: /mnt/c/Users/Svetlana/CLionProjects/cats_2/4B/cmake-build-debug/CMakeFiles/CMakeTmp

Run Build Command:"/usr/bin/make" "cmTC_88771/fast"
/usr/bin/make -f CMakeFiles/cmTC_88771.dir/build.make CMakeFiles/cmTC_88771.dir/build
make[1]: Entering directory '/mnt/c/Users/Svetlana/CLionProjects/cats_2/4B/cmake-build-debug/CMakeFiles/CMakeTmp'
Building C object CMakeFiles/cmTC_88771.dir/CheckSymbolExists.c.o
/usr/bin/gcc    -o CMakeFiles/cmTC_88771.dir/CheckSymbolExists.c.o   -c /mnt/c/Users/Svetlana/CLionProjects/cats_2/4B/cmake-build-debug/CMakeFiles/CMakeTmp/CheckSymbolExists.c
Linking C executable cmTC_88771
/usr/bin/cmake -E cmake_link_script CMakeFiles/cmTC_88771.dir/link.txt --verbose=1
/usr/bin/gcc      CMakeFiles/cmTC_88771.dir/CheckSymbolExists.c.o  -o cmTC_88771 
CMakeFiles/cmTC_88771.dir/CheckSymbolExists.c.o: In function `main':
CheckSymbolExists.c:(.text+0x1b): undefined reference to `pthread_create'
collect2: error: ld returned 1 exit status
CMakeFiles/cmTC_88771.dir/build.make:97: recipe for target 'cmTC_88771' failed
make[1]: *** [cmTC_88771] Error 1
make[1]: Leaving directory '/mnt/c/Users/Svetlana/CLionProjects/cats_2/4B/cmake-build-debug/CMakeFiles/CMakeTmp'
Makefile:126: recipe for target 'cmTC_88771/fast' failed
make: *** [cmTC_88771/fast] Error 2

File /mnt/c/Users/Svetlana/CLionProjects/cats_2/4B/cmake-build-debug/CMakeFiles/CMakeTmp/CheckSymbolExists.c:
/* */
#include <pthread.h>

int main(int argc, char** argv)
{
  (void)argv;
#ifndef pthread_create
  return ((int*)(&pthread_create))[argc];
#else
  (void)argc;
  return 0;
#endif
}

Determining if the function pthread_create exists in the pthreads failed with the following output:
Change Dir: /mnt/c/Users/Svetlana/CLionProjects/cats_2/4B/cmake-build-debug/CMakeFiles/CMakeTmp

Run Build Command:"/usr/bin/make" "cmTC_92805/fast"
/usr/bin/make -f CMakeFiles/cmTC_92805.dir/build.make CMakeFiles/cmTC_92805.dir/build
make[1]: Entering directory '/mnt/c/Users/Svetlana/CLionProjects/cats_2/4B/cmake-build-debug/CMakeFiles/CMakeTmp'
Building C object CMakeFiles/cmTC_92805.dir/CheckFunctionExists.c.o
/usr/bin/gcc   -DCHECK_FUNCTION_EXISTS=pthread_create   -o CMakeFiles/cmTC_92805.dir/CheckFunctionExists.c.o   -c /usr/share/cmake-3.10/Modules/CheckFunctionExists.c
Linking C executable cmTC_92805
/usr/bin/cmake -E cmake_link_script CMakeFiles/cmTC_92805.dir/link.txt --verbose=1
/usr/bin/gcc  -DCHECK_FUNCTION_EXISTS=pthread_create    CMakeFiles/cmTC_92805.dir/CheckFunctionExists.c.o  -o cmTC_92805 -lpthreads 
/usr/bin/ld: cannot find -lpthreads
collect2: error: ld returned 1 exit status
CMakeFiles/cmTC_92805.dir/build.make:97: recipe for target 'cmTC_92805' failed
make[1]: *** [cmTC_92805] Error 1
make[1]: Leaving directory '/mnt/c/Users/Svetlana/CLionProjects/cats_2/4B/cmake-build-debug/CMakeFiles/CMakeTmp'
Makefile:126: recipe for target 'cmTC_92805/fast' failed
make: *** [cmTC_92805/fast] Error 2


